<?xml version='1.0' encoding='UTF-8'?>
<testsuite hostname="DESKTOP-95QB18N" name="my.android.project.testHandler" tests="9" errors="0" failures="1" time="0.042">
                     <properties>
[...]
</properties>
                     <testcase classname="my.android.project.testHandler" name="should check extracting code is functioning" time="0.0">
                                                 
                                               </testcase><testcase classname="my.android.project.testHandler" name="should look up a find a bit combination to make the char" time="0.001">
                                                 
                                               </testcase><testcase classname="my.android.project.testHandler" name="should check bit list is functioning" time="0.002">
                                                 
                                               </testcase><testcase classname="my.android.project.testHandler" name="should count the number of leaf nodes to check consistant with freqency table" time="0.01">
                                                 
                                               </testcase><testcase classname="my.android.project.testHandler" name="should collect the leaf nodes from a tree" time="0.0">
                                                 
                                               </testcase><testcase classname="my.android.project.testHandler" name="should collect the leaf nodes from and check are in descending order" time="0.006">
                                                 <failure message="org.scalatest.exceptions.TestFailedException: &quot;...ist(Leaf(t,3), Leaf([s,2), Leaf(h,2), Leaf(a,1), Leaf(W,1), Leaf(e,1), Leaf(',1), Leaf( ,2), Leaf(y,1), Leaf(r,1), Leaf(o],1))&quot; did not equal &quot;...ist(Leaf(t,3), Leaf([ ,2), Leaf(s,2), Leaf(h,2), Leaf(y,1), Leaf(r,1), Leaf(o,1), Leaf(e,1), Leaf(',1), Leaf(a,1), Leaf(W],1))&quot;" type="sbt.ForkMain$ForkError">sbt.ForkMain$ForkError: org.scalatest.exceptions.TestFailedException: &quot;...ist(Leaf(t,3), Leaf([s,2), Leaf(h,2), Leaf(a,1), Leaf(W,1), Leaf(e,1), Leaf(',1), Leaf( ,2), Leaf(y,1), Leaf(r,1), Leaf(o],1))&quot; did not equal &quot;...ist(Leaf(t,3), Leaf([ ,2), Leaf(s,2), Leaf(h,2), Leaf(y,1), Leaf(r,1), Leaf(o,1), Leaf(e,1), Leaf(',1), Leaf(a,1), Leaf(W],1))&quot;
	at org.scalatest.Assertions$class.newAssertionFailedException(Assertions.scala:500)
	at org.scalatest.FlatSpec.newAssertionFailedException(FlatSpec.scala:1683)
	at org.scalatest.Assertions$AssertionsHelper.macroAssert(Assertions.scala:466)
	at my.android.project.testHandler$$anonfun$7.apply$mcV$sp(testHandler.scala:72)
	at my.android.project.testHandler$$anonfun$7.apply(testHandler.scala:65)
	at my.android.project.testHandler$$anonfun$7.apply(testHandler.scala:65)
	at org.scalatest.Transformer$$anonfun$apply$1.apply$mcV$sp(Transformer.scala:22)
	at org.scalatest.OutcomeOf$class.outcomeOf(OutcomeOf.scala:85)
	at org.scalatest.OutcomeOf$.outcomeOf(OutcomeOf.scala:104)
	at org.scalatest.Transformer.apply(Transformer.scala:22)
	at org.scalatest.Transformer.apply(Transformer.scala:20)
	at org.scalatest.FlatSpecLike$$anon$1.apply(FlatSpecLike.scala:1647)
	at org.scalatest.Suite$class.withFixture(Suite.scala:1122)
	at org.scalatest.FlatSpec.withFixture(FlatSpec.scala:1683)
	at org.scalatest.FlatSpecLike$class.invokeWithFixture$1(FlatSpecLike.scala:1644)
	at org.scalatest.FlatSpecLike$$anonfun$runTest$1.apply(FlatSpecLike.scala:1656)
	at org.scalatest.FlatSpecLike$$anonfun$runTest$1.apply(FlatSpecLike.scala:1656)
	at org.scalatest.SuperEngine.runTestImpl(Engine.scala:306)
	at org.scalatest.FlatSpecLike$class.runTest(FlatSpecLike.scala:1656)
	at org.scalatest.FlatSpec.runTest(FlatSpec.scala:1683)
	at org.scalatest.FlatSpecLike$$anonfun$runTests$1.apply(FlatSpecLike.scala:1714)
	at org.scalatest.FlatSpecLike$$anonfun$runTests$1.apply(FlatSpecLike.scala:1714)
	at org.scalatest.SuperEngine$$anonfun$traverseSubNodes$1$1.apply(Engine.scala:413)
	at org.scalatest.SuperEngine$$anonfun$traverseSubNodes$1$1.apply(Engine.scala:401)
	at scala.collection.immutable.List.foreach(List.scala:381)
	at org.scalatest.SuperEngine.traverseSubNodes$1(Engine.scala:401)
	at org.scalatest.SuperEngine.org$scalatest$SuperEngine$$runTestsInBranch(Engine.scala:396)
	at org.scalatest.SuperEngine.runTestsImpl(Engine.scala:483)
	at org.scalatest.FlatSpecLike$class.runTests(FlatSpecLike.scala:1714)
	at org.scalatest.FlatSpec.runTests(FlatSpec.scala:1683)
	at org.scalatest.Suite$class.run(Suite.scala:1424)
	at org.scalatest.FlatSpec.org$scalatest$FlatSpecLike$$super$run(FlatSpec.scala:1683)
	at org.scalatest.FlatSpecLike$$anonfun$run$1.apply(FlatSpecLike.scala:1760)
	at org.scalatest.FlatSpecLike$$anonfun$run$1.apply(FlatSpecLike.scala:1760)
	at org.scalatest.SuperEngine.runImpl(Engine.scala:545)
	at org.scalatest.FlatSpecLike$class.run(FlatSpecLike.scala:1760)
	at org.scalatest.FlatSpec.run(FlatSpec.scala:1683)
	at org.scalatest.tools.Framework.org$scalatest$tools$Framework$$runSuite(Framework.scala:357)
	at org.scalatest.tools.Framework$ScalaTestTask.execute(Framework.scala:502)
	at sbt.ForkMain$Run$2.call(ForkMain.java:296)
	at sbt.ForkMain$Run$2.call(ForkMain.java:286)
	at java.util.concurrent.FutureTask.run(FutureTask.java:266)
	at java.util.concurrent.ThreadPoolExecutor.runWorker(ThreadPoolExecutor.java:1142)
	at java.util.concurrent.ThreadPoolExecutor$Worker.run(ThreadPoolExecutor.java:617)
	at java.lang.Thread.run(Thread.java:745)
</failure>
                                               </testcase><testcase classname="my.android.project.testHandler" name="should check encode and decode" time="0.01">
                                                 
                                               </testcase><testcase classname="my.android.project.testHandler" name="should check multiple encode/decode strings" time="0.013">
                                                 
                                               </testcase><testcase classname="my.android.project.testHandler" name="should check encode and decode numbers" time="0.0">
                                                 
                                               </testcase>
                     <system-out></system-out>
                     <system-err></system-err>
                   </testsuite>