<?xml version='1.0' encoding='UTF-8'?>
<testsuite hostname="DESKTOP-95QB18N" name="my.android.project.ApplicationTest" tests="1" errors="1" failures="0" time="-0.001">
                     <properties>
[...]
</properties>
                     <testcase classname="my.android.project.ApplicationTest" name="(It is not a test)" time="-0.001">
                                                 <error type="java.lang.ExceptionInInitializerError">java.lang.ExceptionInInitializerError
	at org.robolectric.Shadows.reset(Shadows.java:1605)
	at org.robolectric.Robolectric.reset(Robolectric.java:22)
	at org.robolectric.internal.RoboTestUniverse.resetStaticState(RoboTestUniverse.scala:27)
	at org.scalatest.RoboSuiteRunner.run(RobolectricSuite.scala:193)
	at org.scalatest.RobolectricSuite$class.run(RobolectricSuite.scala:41)
	at my.android.project.ApplicationTest.run(ApplicationTest.scala:19)
	at org.scalatest.tools.Framework.org$scalatest$tools$Framework$$runSuite(Framework.scala:357)
	at org.scalatest.tools.Framework$ScalaTestTask.execute(Framework.scala:502)
	at sbt.TestRunner.runTest$1(TestFramework.scala:76)
	at sbt.TestRunner.run(TestFramework.scala:85)
	at sbt.TestFramework$$anon$2$$anonfun$$init$$1$$anonfun$apply$8.apply(TestFramework.scala:202)
	at sbt.TestFramework$$anon$2$$anonfun$$init$$1$$anonfun$apply$8.apply(TestFramework.scala:202)
	at sbt.TestFramework$.sbt$TestFramework$$withContextLoader(TestFramework.scala:185)
	at sbt.TestFramework$$anon$2$$anonfun$$init$$1.apply(TestFramework.scala:202)
	at sbt.TestFramework$$anon$2$$anonfun$$init$$1.apply(TestFramework.scala:202)
	at sbt.TestFunction.apply(TestFramework.scala:207)
	at sbt.Tests$$anonfun$9.apply(Tests.scala:216)
	at sbt.Tests$$anonfun$9.apply(Tests.scala:216)
	at sbt.std.Transform$$anon$3$$anonfun$apply$2.apply(System.scala:44)
	at sbt.std.Transform$$anon$3$$anonfun$apply$2.apply(System.scala:44)
	at sbt.std.Transform$$anon$4.work(System.scala:63)
	at sbt.Execute$$anonfun$submit$1$$anonfun$apply$1.apply(Execute.scala:226)
	at sbt.Execute$$anonfun$submit$1$$anonfun$apply$1.apply(Execute.scala:226)
	at sbt.ErrorHandling$.wideConvert(ErrorHandling.scala:17)
	at sbt.Execute.work(Execute.scala:235)
	at sbt.Execute$$anonfun$submit$1.apply(Execute.scala:226)
	at sbt.Execute$$anonfun$submit$1.apply(Execute.scala:226)
	at sbt.ConcurrentRestrictions$$anon$4$$anonfun$1.apply(ConcurrentRestrictions.scala:159)
	at sbt.CompletionService$$anon$2.call(CompletionService.scala:28)
	at java.util.concurrent.FutureTask.run(FutureTask.java:266)
	at java.util.concurrent.Executors$RunnableAdapter.call(Executors.java:511)
	at java.util.concurrent.FutureTask.run(FutureTask.java:266)
	at java.util.concurrent.ThreadPoolExecutor.runWorker(ThreadPoolExecutor.java:1142)
	at java.util.concurrent.ThreadPoolExecutor$Worker.run(ThreadPoolExecutor.java:617)
	at java.lang.Thread.run(Thread.java:745)
Caused by: java.lang.RuntimeException: com.almworks.sqlite4java.SQLiteException: [-91] cannot load library: java.lang.UnsatisfiedLinkError: Native Library C:\Users\Chris\AppData\Local\Temp\robolectric-libs\sqlite4java.dll already loaded in another classloader
	at org.robolectric.shadows.util.SQLiteLibraryLoader.loadFromDirectory(SQLiteLibraryLoader.java:147)
	at org.robolectric.shadows.util.SQLiteLibraryLoader.doLoad(SQLiteLibraryLoader.java:64)
	at org.robolectric.shadows.util.SQLiteLibraryLoader.load(SQLiteLibraryLoader.java:54)
	at org.robolectric.shadows.ShadowSQLiteConnection.&lt;clinit&gt;(ShadowSQLiteConnection.java:44)
	... 35 more
Caused by: com.almworks.sqlite4java.SQLiteException: [-91] cannot load library: java.lang.UnsatisfiedLinkError: Native Library C:\Users\Chris\AppData\Local\Temp\robolectric-libs\sqlite4java.dll already loaded in another classloader
	at com.almworks.sqlite4java.SQLite.loadLibrary(SQLite.java:97)
	at com.almworks.sqlite4java.SQLite.getSQLiteVersion(SQLite.java:114)
	at org.robolectric.shadows.util.SQLiteLibraryLoader.loadFromDirectory(SQLiteLibraryLoader.java:145)
	... 38 more
Caused by: java.lang.UnsatisfiedLinkError: Native Library C:\Users\Chris\AppData\Local\Temp\robolectric-libs\sqlite4java.dll already loaded in another classloader
	at java.lang.ClassLoader.loadLibrary0(ClassLoader.java:1904)
	at java.lang.ClassLoader.loadLibrary(ClassLoader.java:1821)
	at java.lang.Runtime.load0(Runtime.java:809)
	at java.lang.System.load(System.java:1086)
	at com.almworks.sqlite4java.Internal.tryLoadFromPath(Internal.java:337)
	at com.almworks.sqlite4java.Internal.loadLibraryX(Internal.java:110)
	at com.almworks.sqlite4java.SQLite.loadLibrary(SQLite.java:95)
	... 40 more
</error>
                                               </testcase>
                     <system-out></system-out>
                     <system-err></system-err>
                   </testsuite>