<?xml version='1.0' encoding='UTF-8'?>
<testsuite hostname="DESKTOP-95QB18N" name="my.android.project.propertyTests" tests="5" errors="0" failures="0" time="1.827">
                     <properties>
[...]
</properties>
                     <testcase classname="my.android.project.propertyTests" name="should check freq function is running correctly" time="0.215">
                                                 
                                               </testcase><testcase classname="my.android.project.propertyTests" name="should insert a new node into a list of leaf nodes and check is in descending order" time="0.056">
                                                 
                                               </testcase><testcase classname="my.android.project.propertyTests" name="should merge a list of HTree nodes into a single HTree" time="0.17">
                                                 
                                               </testcase><testcase classname="my.android.project.propertyTests" name="should check multiple encode/decode with random strings" time="1.197">
                                                 
                                               </testcase><testcase classname="my.android.project.propertyTests" name="should count the number of leaf nodes to check consistant with freqency table" time="0.189">
                                                 
                                               </testcase>
                     <system-out></system-out>
                     <system-err></system-err>
                   </testsuite>