[0m[[0mdebug[0m] [0mRunning TaskDef(my.android.project.testBuilder, org.scalatest.tools.Framework$$anon$1@37cd6e68, false, [SuiteSelector])[0m
[0m[[0mdebug[0m] [0mRunning TaskDef(my.android.project.testHandler, org.scalatest.tools.Framework$$anon$1@37cd6e68, false, [SuiteSelector])[0m
[0m[[0mdebug[0m] [0mRunning TaskDef(my.android.project.testImage, org.scalatest.tools.Framework$$anon$1@37cd6e68, false, [SuiteSelector])[0m
[0m[[0minfo[0m] [0m[36mRun completed in 131 milliseconds.[0m[0m
[0m[[0minfo[0m] [0m[36mTotal number of tests run: 5[0m[0m
[0m[[0minfo[0m] [0m[36mSuites: completed 3, aborted 0[0m[0m
[0m[[0minfo[0m] [0m[36mTests: succeeded 4, failed 1, canceled 0, ignored 0, pending 0[0m[0m
[0m[[0minfo[0m] [0m[31m*** 1 TEST FAILED ***[0m[0m
[0m[[0mdebug[0m] [0mPassed tests:[0m
[0m[[0mdebug[0m] [0m	my.android.project.testBuilder[0m
[0m[[0mdebug[0m] [0m	my.android.project.testHandler[0m
[0m[[31merror[0m] [0mFailed tests:[0m
[0m[[31merror[0m] [0m	my.android.project.testImage[0m
[0m[[31merror[0m] [0m(test:[31mtest[0m) sbt.TestsFailedException: Tests unsuccessful[0m
